This is pdfTeX, Version 3.14159265-2.6-1.40.19 (TeX Live 2018) (preloaded format=pdflatex 2018.9.13)  22 SEP 2018 11:42
entering extended mode
 restricted \write18 enabled.
 %&-line parsing enabled.
**Thesis.tex
(./Thesis.tex
LaTeX2e <2018-04-01> patch level 2
Babel <3.18> and hyphenation patterns for 84 language(s) loaded.
(/usr/local/texlive/2018/texmf-dist/tex/latex/base/report.cls
Document Class: report 2014/09/29 v1.4h Standard LaTeX document class
(/usr/local/texlive/2018/texmf-dist/tex/latex/base/size10.clo
File: size10.clo 2014/09/29 v1.4h Standard LaTeX file (size option)
)
\c@part=\count80
\c@chapter=\count81
\c@section=\count82
\c@subsection=\count83
\c@subsubsection=\count84
\c@paragraph=\count85
\c@subparagraph=\count86
\c@figure=\count87
\c@table=\count88
\abovecaptionskip=\skip41
\belowcaptionskip=\skip42
\bibindent=\dimen102
)
(./settings/packages.tex) (./settings/page.tex) (./settings/macros.tex)
(./Thesis.aux)
\openout1 = `Thesis.aux'.

LaTeX Font Info:    Checking defaults for OML/cmm/m/it on input line 14.
LaTeX Font Info:    ... okay on input line 14.
LaTeX Font Info:    Checking defaults for T1/cmr/m/n on input line 14.
LaTeX Font Info:    ... okay on input line 14.
LaTeX Font Info:    Checking defaults for OT1/cmr/m/n on input line 14.
LaTeX Font Info:    ... okay on input line 14.
LaTeX Font Info:    Checking defaults for OMS/cmsy/m/n on input line 14.
LaTeX Font Info:    ... okay on input line 14.
LaTeX Font Info:    Checking defaults for OMX/cmex/m/n on input line 14.
LaTeX Font Info:    ... okay on input line 14.
LaTeX Font Info:    Checking defaults for U/cmr/m/n on input line 14.
LaTeX Font Info:    ... okay on input line 14.
LaTeX Font Info:    External font `cmex10' loaded for size
(Font)              <12> on input line 15.
LaTeX Font Info:    External font `cmex10' loaded for size
(Font)              <8> on input line 15.
LaTeX Font Info:    External font `cmex10' loaded for size
(Font)              <6> on input line 15.
 [1

{/usr/local/texlive/2018/texmf-var/fonts/map/pdftex/updmap/pdftex.map}] [1] (./
Thesis.toc
LaTeX Font Info:    External font `cmex10' loaded for size
(Font)              <7> on input line 1.
LaTeX Font Info:    External font `cmex10' loaded for size
(Font)              <5> on input line 1.

Overfull \hbox (4.30617pt too wide) in paragraph at lines 31--31
 [][] []\OT1/cmr/m/n/10 Questions, turn-taking, un-sure state-ments, ego-cen-tr
ic com- 
 []

[2

])
\tf@toc=\write3
\openout3 = `Thesis.toc'.

 [3]
No file Thesis.lof.
\tf@lof=\write4
\openout4 = `Thesis.lof'.

[4

]
No file Thesis.lot.
\tf@lot=\write5
\openout5 = `Thesis.lot'.

[5

]
Chapter 1.

Underfull \hbox (badness 10000) in paragraph at lines 26--28

 []


Underfull \hbox (badness 10000) in paragraph at lines 29--30

 []

[6

]
Chapter 2.

LaTeX Warning: Citation `Sturrock2016' on page 7 undefined on input line 33.


LaTeX Warning: Citation `Prince2015' on page 7 undefined on input line 33.


Underfull \hbox (badness 10000) in paragraph at lines 33--34

 []


LaTeX Warning: Citation `Alzheimer2016' on page 7 undefined on input line 36.


Underfull \hbox (badness 10000) in paragraph at lines 36--37

 []


LaTeX Warning: Citation `AmericanPsychiatricAssociation2013' on page 7 undefine
d on input line 38.


Underfull \hbox (badness 10000) in paragraph at lines 38--39

 []

[7

]

LaTeX Warning: Citation `Nestor2006' on page 8 undefined on input line 40.


LaTeX Warning: Citation `Le2012' on page 8 undefined on input line 40.


Underfull \hbox (badness 10000) in paragraph at lines 40--41

 []


LaTeX Warning: Citation `Folstein1975' on page 8 undefined on input line 42.


LaTeX Warning: Citation `Folstein1975' on page 8 undefined on input line 42.


LaTeX Warning: Citation `Folstein1975' on page 8 undefined on input line 42.


Underfull \hbox (badness 10000) in paragraph at lines 42--44

 []


Underfull \hbox (badness 10000) in paragraph at lines 45--46

 []


Underfull \hbox (badness 10000) in paragraph at lines 47--48

 []

[8]

LaTeX Warning: Citation `Berisha2015' on page 9 undefined on input line 49.


Underfull \hbox (badness 10000) in paragraph at lines 49--50

 []


LaTeX Warning: Citation `AmericanPsychiatricAssociation2013' on page 9 undefine
d on input line 51.


Underfull \hbox (badness 10000) in paragraph at lines 51--52

 []


LaTeX Warning: Citation `Berisha2015' on page 9 undefined on input line 53.


LaTeX Warning: Citation `Snowdon1996' on page 9 undefined on input line 53.


Underfull \hbox (badness 10000) in paragraph at lines 53--54

 []


LaTeX Warning: Citation `Emery2000' on page 9 undefined on input line 55.


Underfull \hbox (badness 10000) in paragraph at lines 55--56

 []

[9]

LaTeX Warning: Citation `Boschi2017' on page 10 undefined on input line 57.


Underfull \hbox (badness 10000) in paragraph at lines 57--58

 []


Underfull \hbox (badness 10000) in paragraph at lines 61--62

 []


Overfull \hbox (115.11182pt too wide) in paragraph at lines 66--80
[][] 
 []


Underfull \hbox (badness 10000) in paragraph at lines 84--85

 []

[10]

LaTeX Warning: Citation `Kaplan2010' on page 11 undefined on input line 87.


LaTeX Warning: Citation `Giles1996' on page 11 undefined on input line 87.


Underfull \hbox (badness 10000) in paragraph at lines 87--88

 []


LaTeX Warning: Citation `Boschi2017' on page 11 undefined on input line 89.


LaTeX Warning: Citation `Sajjadi2012' on page 11 undefined on input line 89.


LaTeX Warning: Citation `Ash2012' on page 11 undefined on input line 89.


Underfull \hbox (badness 10000) in paragraph at lines 89--90

 []


LaTeX Warning: Citation `Zimmerer2016' on page 11 undefined on input line 91.


LaTeX Warning: Citation `Orimaye2017' on page 11 undefined on input line 91.


LaTeX Warning: Citation `Mueller2018a' on page 11 undefined on input line 91.


LaTeX Warning: Citation `Fraser2015' on page 11 undefined on input line 91.


Underfull \hbox (badness 10000) in paragraph at lines 91--92

 []


LaTeX Warning: Citation `Fraser2014' on page 11 undefined on input line 94.


LaTeX Warning: Citation `Ash2012' on page 11 undefined on input line 94.


LaTeX Warning: Citation `DeLira2011' on page 11 undefined on input line 94.


Underfull \hbox (badness 10000) in paragraph at lines 94--95

 []

[11]

LaTeX Warning: Citation `Fraser2014' on page 12 undefined on input line 96.


Underfull \hbox (badness 10000) in paragraph at lines 96--97

 []


LaTeX Warning: Citation `Boschi2017' on page 12 undefined on input line 99.


Underfull \hbox (badness 10000) in paragraph at lines 99--100

 []


LaTeX Warning: Citation `Sajjadi2012' on page 12 undefined on input line 101.


LaTeX Warning: Citation `Asgari2017' on page 12 undefined on input line 101.


LaTeX Warning: Citation `Guinn2015' on page 12 undefined on input line 101.


Underfull \hbox (badness 10000) in paragraph at lines 101--102

 []


Underfull \hbox (badness 10000) in paragraph at lines 105--106

 []


Underfull \hbox (badness 10000) in paragraph at lines 108--109

 []

[12]

LaTeX Warning: Citation `Emery2000' on page 13 undefined on input line 112.


LaTeX Warning: Citation `Kintsch1973' on page 13 undefined on input line 112.


LaTeX Warning: Citation `Snowdon1996' on page 13 undefined on input line 112.


LaTeX Warning: Citation `Bucks2000' on page 13 undefined on input line 112.


LaTeX Warning: Citation `Wang2016' on page 13 undefined on input line 112.


LaTeX Warning: Citation `Thomas2005' on page 13 undefined on input line 112.


Underfull \hbox (badness 10000) in paragraph at lines 112--113

 []


Underfull \hbox (badness 10000) in paragraph at lines 115--116

 []


Underfull \hbox (badness 10000) in paragraph at lines 117--118

 []


Underfull \hbox (badness 10000) in paragraph at lines 119--120

 []

[13]
Underfull \hbox (badness 10000) in paragraph at lines 121--122

 []


Underfull \hbox (badness 10000) in paragraph at lines 127--128

 []


Underfull \hbox (badness 10000) in paragraph at lines 129--130

 []

[14]

LaTeX Warning: Citation `Guinn2012' on page 15 undefined on input line 132.


LaTeX Warning: Citation `Guinn2015' on page 15 undefined on input line 132.


Underfull \hbox (badness 10000) in paragraph at lines 132--133

 []


Underfull \hbox (badness 10000) in paragraph at lines 143--145

 []

[15]
Underfull \hbox (badness 10000) in paragraph at lines 154--155

 []


Underfull \hbox (badness 10000) in paragraph at lines 157--158

 []


LaTeX Warning: Citation `Thomas2005' on page 16 undefined on input line 160.


LaTeX Warning: Citation `Orimaye2017' on page 16 undefined on input line 160.


Underfull \hbox (badness 10000) in paragraph at lines 160--161

 []

[16]

LaTeX Warning: Citation `Asgari2017' on page 17 undefined on input line 162.


LaTeX Warning: Citation `Pennebaker2015' on page 17 undefined on input line 162
.


Underfull \hbox (badness 10000) in paragraph at lines 162--163

 []


LaTeX Warning: Citation `Le2012' on page 17 undefined on input line 165.


Underfull \hbox (badness 10000) in paragraph at lines 165--166

 []


Underfull \hbox (badness 10000) in paragraph at lines 168--169

 []


Overfull \hbox (3.9195pt too wide) in paragraph at lines 170--170
[]\OT1/cmr/bx/n/12 Syntactic Com-plex-ity - Com-pos-ite mea-sures of MLU,
 []


Underfull \hbox (badness 10000) in paragraph at lines 171--172

 []


LaTeX Warning: Citation `Fraser2015' on page 17 undefined on input line 174.


LaTeX Warning: Citation `Zimmerer2016' on page 17 undefined on input line 174.


Underfull \hbox (badness 10000) in paragraph at lines 174--175

 []

[17]
Underfull \hbox (badness 10000) in paragraph at lines 179--180

 []


Underfull \hbox (badness 10000) in paragraph at lines 182--183

 []

[18]
Underfull \hbox (badness 10000) in paragraph at lines 185--186

 []


Underfull \hbox (badness 10000) in paragraph at lines 190--191

 []


Underfull \hbox (badness 10000) in paragraph at lines 192--193

 []

[19]
Underfull \hbox (badness 10000) in paragraph at lines 195--196

 []


LaTeX Warning: Citation `Boschi2017' on page 20 undefined on input line 200.


Underfull \hbox (badness 10000) in paragraph at lines 227--228

 []

[20]
Underfull \hbox (badness 10000) in paragraph at lines 229--230

 []


Underfull \hbox (badness 10000) in paragraph at lines 232--233

 []


LaTeX Warning: Citation `Boschi2017' on page 21 undefined on input line 234.


LaTeX Warning: Citation `Snowdon1996' on page 21 undefined on input line 234.


LaTeX Warning: Citation `Berisha2015' on page 21 undefined on input line 234.


Underfull \hbox (badness 10000) in paragraph at lines 234--235

 []


LaTeX Warning: Citation `Zimmerer2016' on page 21 undefined on input line 236.


LaTeX Warning: Citation `Mueller2018a' on page 21 undefined on input line 236.


Underfull \hbox (badness 10000) in paragraph at lines 236--237

 []


Underfull \hbox (badness 10000) in paragraph at lines 239--240

 []

[21]
Underfull \hbox (badness 10000) in paragraph at lines 241--242

 []


Underfull \hbox (badness 10000) in paragraph at lines 243--244

 []

[22]
Chapter 3.
[23

]
Chapter 4.

Underfull \hbox (badness 10000) in paragraph at lines 249--250

 []


Underfull \hbox (badness 10000) in paragraph at lines 251--253

 []

[24

]
Chapter 5.
[25

]
Chapter 6.

Underfull \hbox (badness 10000) in paragraph at lines 260--263

 []

[26

]
Chapter 7.

Underfull \hbox (badness 10000) in paragraph at lines 279--281

 []


Underfull \hbox (badness 10000) in paragraph at lines 283--284

 []

[27

]
Overfull \hbox (1.17775pt too wide) in paragraph at lines 284--284
[]\OT1/cmr/bx/n/12 What hap-pens at the end of the data col-lec-tion phase
 []

[28]
Chapter 8.
[29

]
Chapter 9.
No file Thesis.bbl.
[30

] (./Thesis.aux)

LaTeX Warning: There were undefined references.


LaTeX Warning: Label(s) may have changed. Rerun to get cross-references right.

 ) 
Here is how much of TeX's memory you used:
 277 strings out of 492649
 2998 string characters out of 6129622
 66287 words of memory out of 5000000
 4219 multiletter control sequences out of 15000+600000
 9402 words of font info for 33 fonts, out of 8000000 for 9000
 1141 hyphenation exceptions out of 8191
 23i,7n,22p,1627b,182s stack positions out of 5000i,500n,10000p,200000b,80000s
</usr/local/texlive/2018/texmf-dist/fonts/type1/public/amsfonts/cm/cmbx10.pfb
></usr/local/texlive/2018/texmf-dist/fonts/type1/public/amsfonts/cm/cmbx12.pfb>
</usr/local/texlive/2018/texmf-dist/fonts/type1/public/amsfonts/cm/cmmi10.pfb><
/usr/local/texlive/2018/texmf-dist/fonts/type1/public/amsfonts/cm/cmmi7.pfb></u
sr/local/texlive/2018/texmf-dist/fonts/type1/public/amsfonts/cm/cmr10.pfb></usr
/local/texlive/2018/texmf-dist/fonts/type1/public/amsfonts/cm/cmr12.pfb></usr/l
ocal/texlive/2018/texmf-dist/fonts/type1/public/amsfonts/cm/cmr17.pfb></usr/loc
al/texlive/2018/texmf-dist/fonts/type1/public/amsfonts/cm/cmr7.pfb></usr/local/
texlive/2018/texmf-dist/fonts/type1/public/amsfonts/cm/cmsy10.pfb></usr/local/t
exlive/2018/texmf-dist/fonts/type1/public/amsfonts/cm/cmsy7.pfb></usr/local/tex
live/2018/texmf-dist/fonts/type1/public/amsfonts/cm/cmu10.pfb>
Output written on Thesis.pdf (31 pages, 185246 bytes).
PDF statistics:
 149 PDF objects out of 1000 (max. 8388607)
 103 compressed objects within 2 object streams
 0 named destinations out of 1000 (max. 500000)
 1 words of extra memory for PDF output out of 10000 (max. 10000000)

