\BOOKMARK [1][-]{section.1}{Introduction}{}% 1
\BOOKMARK [1][-]{section.2}{Methodology}{}% 2
\BOOKMARK [2][-]{subsection.2.1}{Search strategy}{section.2}% 3
\BOOKMARK [2][-]{subsection.2.2}{Study selection}{section.2}% 4
\BOOKMARK [2][-]{subsection.2.3}{Data collection}{section.2}% 5
\BOOKMARK [1][-]{section.3}{Results}{}% 6
\BOOKMARK [2][-]{subsection.3.1}{Features of Language}{section.3}% 7
\BOOKMARK [3][-]{subsubsection.3.1.1}{Measures of Semantic Complexity}{subsection.3.1}% 8
\BOOKMARK [2][-]{subsection.3.2}{Quantity - Total number of words}{section.3}% 9
\BOOKMARK [2][-]{subsection.3.3}{Syntax and Morphology \(Language Form\)}{section.3}% 10
\BOOKMARK [2][-]{subsection.3.4}{N-grams and skip-grams}{section.3}% 11
\BOOKMARK [2][-]{subsection.3.5}{Mean length of utterance \(MLU\)}{section.3}% 12
\BOOKMARK [2][-]{subsection.3.6}{Proportion of verbs to nouns plus verbs}{section.3}% 13
\BOOKMARK [2][-]{subsection.3.7}{Syntactic Complexity - Composite measures of MLU, syntactic errors and verbs}{section.3}% 14
\BOOKMARK [2][-]{subsection.3.8}{Semantic features}{section.3}% 15
\BOOKMARK [2][-]{subsection.3.9}{Syntactic features}{section.3}% 16
\BOOKMARK [2][-]{subsection.3.10}{Pragmatic features.}{section.3}% 17
\BOOKMARK [3][-]{subsubsection.3.10.1}{Go-ahead Utterances}{subsection.3.10}% 18
\BOOKMARK [2][-]{subsection.3.11}{Formulaic Language}{section.3}% 19
\BOOKMARK [2][-]{subsection.3.12}{Number of syllables and Characters}{section.3}% 20
\BOOKMARK [2][-]{subsection.3.13}{Number of fillers}{section.3}% 21
\BOOKMARK [2][-]{subsection.3.14}{Readability}{section.3}% 22
\BOOKMARK [2][-]{subsection.3.15}{Polarity}{section.3}% 23
\BOOKMARK [2][-]{subsection.3.16}{Frequency}{section.3}% 24
\BOOKMARK [2][-]{subsection.3.17}{Dysfluencies}{section.3}% 25
\BOOKMARK [1][-]{section.4}{Machine Learning methods}{}% 26
\BOOKMARK [2][-]{subsection.4.1}{Traditional Machine Learning methods}{section.4}% 27
\BOOKMARK [3][-]{subsubsection.4.1.1}{Logistic Regression}{subsection.4.1}% 28
\BOOKMARK [3][-]{subsubsection.4.1.2}{Support Vector Machines}{subsection.4.1}% 29
\BOOKMARK [3][-]{subsubsection.4.1.3}{Linear Discriminant Analysis}{subsection.4.1}% 30
\BOOKMARK [3][-]{subsubsection.4.1.4}{Decision Trees}{subsection.4.1}% 31
\BOOKMARK [3][-]{subsubsection.4.1.5}{Naive Bayes}{subsection.4.1}% 32
\BOOKMARK [3][-]{subsubsection.4.1.6}{Artificial Neural Networks}{subsection.4.1}% 33
\BOOKMARK [3][-]{subsubsection.4.1.7}{K-nearest neighbours}{subsection.4.1}% 34
\BOOKMARK [2][-]{subsection.4.2}{Deep Learning methods}{section.4}% 35
\BOOKMARK [3][-]{subsubsection.4.2.1}{Deep language space neural network for classifying mild cognitive impairment and Alzheimer-type dementia - Orimaye, Wong and Wong \(2018\)}{subsection.4.2}% 36
\BOOKMARK [2][-]{subsection.4.3}{What are the goals of the studies that employ ML or Statistical Learning techniques for diagnosis of MCI or AD?}{section.4}% 37
\BOOKMARK [2][-]{subsection.4.4}{Do the studies focus on a one point in time or looking at cognitive deterioration over time?}{section.4}% 38
\BOOKMARK [1][-]{section.5}{Discussion and conclusions}{}% 39
\BOOKMARK [2][-]{subsection.5.1}{Discussion of the current evidence}{section.5}% 40
\BOOKMARK [2][-]{subsection.5.2}{Methodological Issues}{section.5}% 41
\BOOKMARK [2][-]{subsection.5.3}{Limitations}{section.5}% 42
\BOOKMARK [2][-]{subsection.5.4}{The future of the field}{section.5}% 43
\BOOKMARK [1][-]{section.6}{Conclusions}{}% 44
\BOOKMARK [1][-]{appendix.A}{Article Table}{}% 45
